Starting index.js
Imported Fastify
Imported Mercurius
Imported CORS
Imported Schema
Imported Resolvers
App created
CORS Registered
Mercurius Registered
Attempting to listen...
Server listening!
Starting index.js
Imported Fastify
Imported Mercurius
Imported CORS
Imported Schema
Imported Resolvers
App created
CORS Registered
Mercurius Registered
Attempting to listen...
Error starting server: listen EADDRINUSE: address already in use 0.0.0.0:3000
Starting index.js
Imported Fastify
Imported Mercurius
Imported CORS
Imported Schema
Imported Resolvers
App created
CORS Registered
Mercurius Registered
Attempting to listen...
Starting index.js
Imported Fastify
Imported Mercurius
Imported CORS
Imported Schema
Imported Resolvers
App created
CORS Registered
Mercurius Registered
Attempting to listen...
Server listening!
Starting index.js
Imported Fastify
Imported Mercurius
Imported CORS
Imported Schema
Imported Resolvers
App created
CORS Registered
Mercurius Registered
Attempting to listen...
Server listening!
Starting index.js
Imported Fastify
Imported Mercurius
Imported CORS
Imported Schema
Imported Resolvers
App created
CORS Registered
Mercurius Registered
Attempting to listen...
Server listening!
Starting index.js
Imported Fastify
Imported Mercurius
Imported CORS
Imported Schema
Imported Resolvers
App created
CORS Registered
Mercurius Registered
Attempting to listen...
Server listening!
Starting index.js
Imported Fastify
Imported Mercurius
Imported CORS
Imported Schema
Imported Resolvers
App created
CORS Registered
Mercurius Registered
Attempting to listen...
Server listening!
Starting index.js
Imported Fastify
Imported Mercurius
Imported CORS
Imported Schema
Imported Resolvers
App created
CORS Registered
Mercurius Registered
Attempting to listen...
Server listening!
Starting index.js
Imported Fastify
Imported Mercurius
Imported CORS
Imported Schema
Imported Resolvers
App created
CORS Registered
Mercurius Registered
Attempting to listen...
Server listening!
Starting index.js
Imported Fastify
Imported Mercurius
Imported CORS
Imported Schema
Imported Resolvers
App created
CORS Registered
Mercurius Registered
Attempting to listen...
Server listening!
Starting index.js
Imported Fastify
Imported Mercurius
Imported CORS
Imported Schema
Imported Resolvers
App created
CORS Registered
Mercurius Registered
Attempting to listen...
Server listening!
Starting index.js
Imported Fastify
Imported Mercurius
Imported CORS
Imported Schema
Imported Resolvers
App created
CORS Registered
Mercurius Registered
Attempting to listen...
Server listening!
Starting index.js
Imported Fastify
Imported Mercurius
Imported CORS
Imported Schema
Imported Resolvers
App created
CORS Registered
Mercurius Registered
Attempting to listen...
Server listening!
Starting index.js
Imported Fastify
Imported Mercurius
Imported CORS
Imported Schema
Imported Resolvers
App created
CORS Registered
Mercurius Registered
Attempting to listen...
Server listening!
Starting index.js
Imported Fastify
Imported Mercurius
Imported CORS
Imported Schema
Imported Resolvers
App created
CORS Registered
Mercurius Registered
Attempting to listen...
Server listening!
Starting index.js
Imported Fastify
Imported Mercurius
Imported CORS
Imported Schema
Imported Resolvers
App created
CORS Registered
Mercurius Registered
Attempting to listen...
Server listening!
Starting index.js
Imported Fastify
Imported Mercurius
Imported CORS
Imported Schema
Imported Resolvers
App created
CORS Registered
Mercurius Registered
Attempting to listen...
Server listening!
Starting index.js
Imported Fastify
Imported Mercurius
Imported CORS
Imported Schema
Imported Resolvers
App created
CORS Registered
Mercurius Registered
Attempting to listen...
Server listening!
Starting index.js
Imported Fastify
Imported Mercurius
Imported CORS
Imported Schema
Imported Resolvers
App created
CORS Registered
Mercurius Registered
Attempting to listen...
Starting index.js
Imported Fastify
Imported Mercurius
Imported CORS
Imported Schema
Imported Resolvers
App created
CORS Registered
Mercurius Registered
Attempting to listen...
Server listening!
Starting index.js
Imported Fastify
Imported Mercurius
Imported CORS
Imported Schema
Imported Resolvers
App created
CORS Registered
Mercurius Registered
Attempting to listen...
Server listening!
Starting index.js
Imported Fastify
Imported Mercurius
Imported CORS
Imported Schema
Imported Resolvers
App created
CORS Registered
Mercurius Registered
Attempting to listen...
Server listening!
Starting index.js
Imported Fastify
Imported Mercurius
Imported CORS
Imported Schema
Imported Resolvers
App created
CORS Registered
Mercurius Registered
Attempting to listen...
Server listening!
Starting index.js
Imported Fastify
Imported Mercurius
Imported CORS
Imported Schema
Imported Resolvers
App created
CORS Registered
Mercurius Registered
Attempting to listen...
Server listening!
Starting index.js
Imported Fastify
Imported Mercurius
Imported CORS
Imported Schema
Imported Resolvers
App created
CORS Registered
Mercurius Registered
Attempting to listen...
Server listening!
Starting index.js
Imported Fastify
Imported Mercurius
Imported CORS
Imported Schema
Imported Resolvers
App created
CORS Registered
Mercurius Registered
Attempting to listen...
Server listening!
Starting index.js
Imported Fastify
Imported Mercurius
Imported CORS
Imported Schema
Imported Resolvers
App created
CORS Registered
Mercurius Registered
Attempting to listen...
Server listening!
Starting index.js
Imported Fastify
Imported Mercurius
Imported CORS
Imported Schema
Imported Resolvers
App created
CORS Registered
Mercurius Registered
Attempting to listen...
Starting index.js
Imported Fastify
Imported Mercurius
Imported CORS
Imported Schema
Imported Resolvers
App created
CORS Registered
Mercurius Registered
Attempting to listen...
Server listening!
Starting index.js
Imported Fastify
Imported Mercurius
Imported CORS
Imported Schema
Imported Resolvers
App created
CORS Registered
Mercurius Registered
Attempting to listen...
Server listening!
Starting index.js
Imported Fastify
Imported Mercurius
Imported CORS
Imported Schema
Imported Resolvers
App created
CORS Registered
Mercurius Registered
Attempting to listen...
Server listening!
Starting index.js
Imported Fastify
Imported Mercurius
Imported CORS
Imported Schema
Imported Resolvers
App created
CORS Registered
Mercurius Registered
Attempting to listen...
Server listening!
Starting index.js
Imported Fastify
Imported Mercurius
Imported CORS
Imported Schema
Imported Resolvers
App created
CORS Registered
Mercurius Registered
Attempting to listen...
Server listening!
Starting index.js
Imported Fastify
Imported Mercurius
Imported CORS
Imported Schema
Imported Resolvers
App created
CORS Registered
Mercurius Registered
Attempting to listen...
Server listening!
Starting index.js
Imported Fastify
Imported Mercurius
Imported CORS
Imported Schema
Imported Resolvers
App created
CORS Registered
Mercurius Registered
Attempting to listen...
Server listening!
